Flutter crash report.
Please report a bug at https://github.com/flutter/flutter/issues.

## command

flutter run

## exception

ProcessException: ProcessException: No such file or directory
  Command: google-chrome http://127.0.0.1:9101?uri=http%3A%2F%2F127.0.0.1%3A44683%2FCt7BBvcAJ5w%3D%2F

```
#0      _ProcessImpl._start (dart:io-patch/process_patch.dart:401:33)
#1      Process.start (dart:io-patch/process_patch.dart:38:20)
#2      Chrome._startProcess (package:browser_launcher/src/chrome.dart:156:26)
#3      Chrome.start (package:browser_launcher/src/chrome.dart:148:18)
#4      FlutterResidentDevtoolsHandler._launchDevToolsForDevices (package:flutter_tools/src/resident_devtools_handler.dart:169:24)
#5      FlutterResidentDevtoolsHandler.launchDevToolsInBrowser (package:flutter_tools/src/resident_devtools_handler.dart:157:7)
#6      TerminalHandler._commonTerminalInputHandler (package:flutter_tools/src/resident_runner.dart:1813:56)
#7      TerminalHandler.processTerminalInput (package:flutter_tools/src/resident_runner.dart:1831:13)
#8      _rootRunUnary (dart:async/zone.dart:1407:47)
#9      _CustomZone.runUnary (dart:async/zone.dart:1308:19)
#10     _CustomZone.runUnaryGuarded (dart:async/zone.dart:1217:7)
#11     _BufferingStreamSubscription._sendData (dart:async/stream_impl.dart:339:11)
#12     _BufferingStreamSubscription._add (dart:async/stream_impl.dart:271:7)
#13     _SyncBroadcastStreamController._sendData (dart:async/broadcast_stream_controller.dart:377:25)
#14     _BroadcastStreamController.add (dart:async/broadcast_stream_controller.dart:244:5)
#15     _AsBroadcastStreamController.add (dart:async/broadcast_stream_controller.dart:474:11)
#16     _rootRunUnary (dart:async/zone.dart:1407:47)
#17     _CustomZone.runUnary (dart:async/zone.dart:1308:19)
#18     _CustomZone.runUnaryGuarded (dart:async/zone.dart:1217:7)
#19     _BufferingStreamSubscription._sendData (dart:async/stream_impl.dart:339:11)
#20     _BufferingStreamSubscription._add (dart:async/stream_impl.dart:271:7)
#21     _SinkTransformerStreamSubscription._add (dart:async/stream_transformers.dart:63:11)
#22     _EventSinkWrapper.add (dart:async/stream_transformers.dart:13:11)
#23     _StringAdapterSink.add (dart:convert/string_conversion.dart:228:11)
#24     _StringAdapterSink.addSlice (dart:convert/string_conversion.dart:233:7)
#25     _Utf8ConversionSink.addSlice (dart:convert/string_conversion.dart:307:20)
#26     _ErrorHandlingAsciiDecoderSink.addSlice (dart:convert/ascii.dart:279:17)
#27     _ErrorHandlingAsciiDecoderSink.add (dart:convert/ascii.dart:265:5)
#28     _ConverterStreamEventSink.add (dart:convert/chunked_conversion.dart:69:18)
#29     _SinkTransformerStreamSubscription._handleData (dart:async/stream_transformers.dart:111:24)
#30     _rootRunUnary (dart:async/zone.dart:1407:47)
#31     _CustomZone.runUnary (dart:async/zone.dart:1308:19)
#32     _CustomZone.runUnaryGuarded (dart:async/zone.dart:1217:7)
#33     _BufferingStreamSubscription._sendData (dart:async/stream_impl.dart:339:11)
#34     _BufferingStreamSubscription._add (dart:async/stream_impl.dart:271:7)
#35     _SyncStreamControllerDispatch._sendData (dart:async/stream_controller.dart:784:19)
#36     _StreamController._add (dart:async/stream_controller.dart:658:7)
#37     _StreamController.add (dart:async/stream_controller.dart:606:5)
#38     _Socket._onData (dart:io-patch/socket_patch.dart:2445:41)
#39     _rootRunUnary (dart:async/zone.dart:1415:13)
#40     _CustomZone.runUnary (dart:async/zone.dart:1308:19)
#41     _CustomZone.runUnaryGuarded (dart:async/zone.dart:1217:7)
#42     _BufferingStreamSubscription._sendData (dart:async/stream_impl.dart:339:11)
#43     _BufferingStreamSubscription._add (dart:async/stream_impl.dart:271:7)
#44     _SyncStreamControllerDispatch._sendData (dart:async/stream_controller.dart:784:19)
#45     _StreamController._add (dart:async/stream_controller.dart:658:7)
#46     _StreamController.add (dart:async/stream_controller.dart:606:5)
#47     new _RawSocket.<anonymous closure> (dart:io-patch/socket_patch.dart:1934:33)
#48     _NativeSocket.issueReadEvent.issue (dart:io-patch/socket_patch.dart:1377:14)
#49     _microtaskLoop (dart:async/schedule_microtask.dart:40:21)
#50     _startMicrotaskLoop (dart:async/schedule_microtask.dart:49:5)
#51     _runPendingImmediateCallback (dart:isolate-patch/isolate_patch.dart:123:13)
#52     _RawReceivePort._handleMessage (dart:isolate-patch/isolate_patch.dart:190:5)
```

## flutter doctor

```
[33m[!][39m Flutter (Channel master, 3.12.0-12.0.pre.28, on Ubuntu 22.04.2 LTS 5.17.0-1003-oem, locale zh_CN.UTF-8)
    [32m•[39m Flutter version 3.12.0-12.0.pre.28 on channel master at /home/yu/flutter
    [33m![39m Upstream repository ssh://git@github.com/flutter/flutter.git is not a standard remote.
      Set environment variable "FLUTTER_GIT_URL" to ssh://git@github.com/flutter/flutter.git to dismiss this error.
    [32m•[39m Framework revision 7408a5ffd3 (3 天前), 2023-06-27 19:14:29 -0400
    [32m•[39m Engine revision 7c7c45d53b
    [32m•[39m Dart version 3.1.0 (build 3.1.0-246.0.dev)
    [32m•[39m DevTools version 2.24.0
    [32m•[39m Pub download mirror https://mirrors.tuna.tsinghua.edu.cn/dart-pub
    [32m•[39m Flutter download mirror https://mirrors.tuna.tsinghua.edu.cn/flutter
    [32m•[39m If those were intentional, you can disregard the above warnings; however it is recommended to use "git" directly to perform update checks and
      upgrades.

[32m[✓][39m Android toolchain - develop for Android devices (Android SDK version 34.0.0-rc4)
    [32m•[39m Android SDK at /home/yu/AndroidSDK
    [32m•[39m Platform android-33, build-tools 34.0.0-rc4
    [32m•[39m Java binary at: /snap/android-studio/126/android-studio/jbr/bin/java
    [32m•[39m Java version OpenJDK Runtime Environment (build 17.0.6+0-17.0.6b802.4-9586694)
    [32m•[39m All Android licenses accepted.

[31m[✗][39m Chrome - develop for the web (Cannot find Chrome executable at google-chrome)
    [33m![39m Cannot find Chrome. Try setting CHROME_EXECUTABLE to a Chrome executable.

[31m[✗][39m Linux toolchain - develop for Linux desktop
    [31m✗[39m clang++ is required for Linux development.
      It is likely available from your distribution (e.g.: apt install clang), or can be downloaded from https://releases.llvm.org/
    [32m•[39m cmake version 3.22.1
    [31m✗[39m ninja is required for Linux development.
      It is likely available from your distribution (e.g.: apt install ninja-build), or can be downloaded from
      https://github.com/ninja-build/ninja/releases
    [32m•[39m pkg-config version 0.29.2
    [31m✗[39m GTK 3.0 development libraries are required for Linux development.
      They are likely available from your distribution (e.g.: apt install libgtk-3-dev)

[32m[✓][39m Android Studio (version 2022.2)
    [32m•[39m Android Studio at /snap/android-studio/126/android-studio
    [32m•[39m Flutter plugin can be installed from:
      🔨 https://plugins.jetbrains.com/plugin/9212-flutter
    [32m•[39m Dart plugin can be installed from:
      🔨 https://plugins.jetbrains.com/plugin/6351-dart
    [32m•[39m Java version OpenJDK Runtime Environment (build 17.0.6+0-17.0.6b802.4-9586694)

[32m[✓][39m Android Studio (version 2021.3)
    [32m•[39m Android Studio at /snap/android-studio/125/android-studio
    [32m•[39m Flutter plugin can be installed from:
      🔨 https://plugins.jetbrains.com/plugin/9212-flutter
    [32m•[39m Dart plugin can be installed from:
      🔨 https://plugins.jetbrains.com/plugin/6351-dart
    [32m•[39m Java version OpenJDK Runtime Environment (build 11.0.13+0-b1751.21-8125866)

[32m[✓][39m VS Code (version 1.79.2)
    [32m•[39m VS Code at /usr/share/code
    [32m•[39m Flutter extension version 3.66.0

[32m[✓][39m Connected device (2 available)
    [32m•[39m 22011211C (mobile) • DYUWQWFIMJGATONB • android-arm64 • Android 13 (API 33)
    [32m•[39m Linux (desktop)    • linux            • linux-x64     • Ubuntu 22.04.2 LTS 5.17.0-1003-oem

[32m[✓][39m Network resources
    [32m•[39m All expected network resources are available.

[33m![39m Doctor found issues in 3 categories.
```
